2023-09-03T00:02:38.284-03:00  INFO [users, , ] 206008 --- [AsyncResolver-bootstrap-executor-0] c.n.d.s.r.aws.ConfigClusterResolver      : Resolving eureka endpoints via configuration
2023-09-03T16:22:22.523-03:00  INFO [users, , ] 5027 --- [restartedMain] c.c.c.ConfigServicePropertySourceLocator : Fetching config from server at : http://localhost:8888
2023-09-03T16:22:22.548-03:00  INFO [users, , ] 5027 --- [restartedMain] c.c.c.ConfigServicePropertySourceLocator : Exception on Url - http://localhost:8888:org.springframework.web.client.ResourceAccessException: I/O error on GET request for "http://localhost:8888/users/default": Connection refused. Will be trying the next url if available
2023-09-03T16:22:22.551-03:00  WARN [users, , ] 5027 --- [restartedMain] c.c.c.ConfigServicePropertySourceLocator : Could not locate PropertySource: I/O error on GET request for "http://localhost:8888/users/default": Connection refused
2023-09-03T16:22:22.595-03:00  INFO [users, , ] 5027 --- [restartedMain] c.ecran.api.users.ApiUsersApplication    : No active profile set, falling back to 1 default profile: "default"
2023-09-03T16:22:22.646-03:00  INFO [users, , ] 5027 --- [restartedMain] o.s.c.c.c.ConfigServerConfigDataLoader   : Fetching config from server at : http://3.229.125.193:8888
2023-09-03T16:22:22.647-03:00  INFO [users, , ] 5027 --- [restartedMain] o.s.c.c.c.ConfigServerConfigDataLoader   : Located environment: name=users, profiles=[default], label=null, version=7d5827ac041245225da35005a4de7a96d82137d6, state=null
2023-09-03T16:22:22.647-03:00  INFO [users, , ] 5027 --- [restartedMain] o.s.c.c.c.ConfigServerConfigDataLoader   : Fetching config from server at : http://3.229.125.193:8888
2023-09-03T16:22:22.653-03:00  INFO [users, , ] 5027 --- [restartedMain] o.s.c.c.c.ConfigServerConfigDataLoader   : Located environment: name=users, profiles=[default], label=null, version=7d5827ac041245225da35005a4de7a96d82137d6, state=null
2023-09-03T16:22:22.664-03:00  INFO [users, , ] 5027 --- [restartedMain] o.s.c.c.c.ConfigServerConfigDataLoader   : Fetching config from server at : http://3.229.125.193:8888
2023-09-03T16:22:22.666-03:00  INFO [users, , ] 5027 --- [restartedMain] o.s.c.c.c.ConfigServerConfigDataLoader   : Located environment: name=users, profiles=[default], label=null, version=7d5827ac041245225da35005a4de7a96d82137d6, state=null
2023-09-03T16:22:22.666-03:00  INFO [users, , ] 5027 --- [restartedMain] o.s.c.c.c.ConfigServerConfigDataLoader   : Fetching config from server at : http://3.229.125.193:8888
2023-09-03T16:22:22.670-03:00  INFO [users, , ] 5027 --- [restartedMain] o.s.c.c.c.ConfigServerConfigDataLoader   : Located environment: name=users, profiles=[default], label=null, version=7d5827ac041245225da35005a4de7a96d82137d6, state=null
2023-09-03T16:22:22.680-03:00  INFO [users, , ] 5027 --- [restartedMain] o.s.c.c.c.ConfigServerConfigDataLoader   : Fetching config from server at : http://3.229.125.193:8888
2023-09-03T16:22:22.680-03:00  INFO [users, , ] 5027 --- [restartedMain] o.s.c.c.c.ConfigServerConfigDataLoader   : Located environment: name=users, profiles=[default], label=null, version=7d5827ac041245225da35005a4de7a96d82137d6, state=null
2023-09-03T16:22:22.685-03:00  INFO [users, , ] 5027 --- [restartedMain] o.s.c.c.c.ConfigServerConfigDataLoader   : Fetching config from server at : http://3.229.125.193:8888
2023-09-03T16:22:22.687-03:00  INFO [users, , ] 5027 --- [restartedMain] o.s.c.c.c.ConfigServerConfigDataLoader   : Located environment: name=users, profiles=[default], label=null, version=7d5827ac041245225da35005a4de7a96d82137d6, state=null
2023-09-03T16:22:30.672-03:00  INFO [users, , ] 5027 --- [restartedMain] .s.d.r.c.RepositoryConfigurationDelegate : Bootstrapping Spring Data JPA repositories in DEFAULT mode.
2023-09-03T16:22:32.408-03:00  INFO [users, , ] 5027 --- [restartedMain] .s.d.r.c.RepositoryConfigurationDelegate : Finished Spring Data repository scanning in 1681 ms. Found 1 JPA repository interfaces.
2023-09-03T16:22:35.031-03:00  INFO [users, , ] 5027 --- [restartedMain] faultConfiguringBeanFactoryPostProcessor : No bean named 'errorChannel' has been explicitly defined. Therefore, a default PublishSubscribeChannel will be created.
2023-09-03T16:22:35.120-03:00  INFO [users, , ] 5027 --- [restartedMain] faultConfiguringBeanFactoryPostProcessor : No bean named 'integrationHeaderChannelRegistry' has been explicitly defined. Therefore, a default DefaultHeaderChannelRegistry will be created.
2023-09-03T16:22:38.186-03:00  INFO [users, , ] 5027 --- [restartedMain] o.s.cloud.context.scope.GenericScope     : BeanFactory id=0f633024-7177-38a8-94bb-2a48217fa56e
2023-09-03T16:22:38.748-03:00  INFO [users, , ] 5027 --- [restartedMain] trationDelegate$BeanPostProcessorChecker : Bean 'com.ecran.api.users.data.MoviesServiceClient' of type [org.springframework.cloud.openfeign.FeignClientFactoryBean] is not eligible for getting processed by all BeanPostProcessors (for example: not eligible for auto-proxying)
2023-09-03T16:22:40.945-03:00  INFO [users, , ] 5027 --- [restartedMain] trationDelegate$BeanPostProcessorChecker : Bean 'org.springframework.cloud.client.loadbalancer.reactive.LoadBalancerBeanPostProcessorAutoConfiguration' of type [org.springframework.cloud.client.loadbalancer.reactive.LoadBalancerBeanPostProcessorAutoConfiguration] is not eligible for getting processed by all BeanPostProcessors (for example: not eligible for auto-proxying)
2023-09-03T16:22:40.974-03:00  INFO [users, , ] 5027 --- [restartedMain] trationDelegate$BeanPostProcessorChecker : Bean 'org.springframework.cloud.client.loadbalancer.reactive.LoadBalancerBeanPostProcessorAutoConfiguration$ReactorDeferringLoadBalancerFilterConfig' of type [org.springframework.cloud.client.loadbalancer.reactive.LoadBalancerBeanPostProcessorAutoConfiguration$ReactorDeferringLoadBalancerFilterConfig] is not eligible for getting processed by all BeanPostProcessors (for example: not eligible for auto-proxying)
2023-09-03T16:22:41.030-03:00  INFO [users, , ] 5027 --- [restartedMain] trationDelegate$BeanPostProcessorChecker : Bean 'reactorDeferringLoadBalancerExchangeFilterFunction' of type [org.springframework.cloud.client.loadbalancer.reactive.DeferringLoadBalancerExchangeFilterFunction] is not eligible for getting processed by all BeanPostProcessors (for example: not eligible for auto-proxying)
2023-09-03T16:22:43.671-03:00  INFO [users, , ] 5027 --- [restartedMain] o.s.b.w.embedded.tomcat.TomcatWebServer  : Tomcat initialized with port(s): 8082 (http)
2023-09-03T16:22:43.700-03:00  INFO [users, , ] 5027 --- [restartedMain] o.apache.catalina.core.StandardService   : Starting service [Tomcat]
2023-09-03T16:22:43.701-03:00  INFO [users, , ] 5027 --- [restartedMain] o.apache.catalina.core.StandardEngine    : Starting Servlet engine: [Apache Tomcat/10.1.8]
2023-09-03T16:22:44.030-03:00  INFO [users, , ] 5027 --- [restartedMain] o.a.c.c.C.[Tomcat].[localhost].[/]       : Initializing Spring embedded WebApplicationContext
2023-09-03T16:22:44.031-03:00  INFO [users, , ] 5027 --- [restartedMain] w.s.c.ServletWebServerApplicationContext : Root WebApplicationContext: initialization completed in 21341 ms
2023-09-03T16:22:51.059-03:00  INFO [users, , ] 5027 --- [restartedMain] com.zaxxer.hikari.HikariDataSource       : HikariPool-1 - Starting...
2023-09-03T16:22:57.960-03:00  INFO [users, , ] 5027 --- [restartedMain] com.zaxxer.hikari.pool.HikariPool        : HikariPool-1 - Added connection com.mysql.cj.jdbc.ConnectionImpl@57359a15
2023-09-03T16:22:57.964-03:00  INFO [users, , ] 5027 --- [restartedMain] com.zaxxer.hikari.HikariDataSource       : HikariPool-1 - Start completed.
2023-09-03T16:22:58.038-03:00  INFO [users, , ] 5027 --- [restartedMain] o.s.b.a.h2.H2ConsoleAutoConfiguration    : H2 console available at '/h2-console'. Database available at 'jdbc:mysql://db.ctd.academy:3306/0723TDPI2N1C01LAED1021FT_GRUPO1?serverTimezone=UTC'
2023-09-03T16:23:00.995-03:00  INFO [users, , ] 5027 --- [restartedMain] o.hibernate.jpa.internal.util.LogHelper  : HHH000204: Processing PersistenceUnitInfo [name: default]
2023-09-03T16:23:01.823-03:00  INFO [users, , ] 5027 --- [restartedMain] org.hibernate.Version                    : HHH000412: Hibernate ORM core version 6.2.2.Final
2023-09-03T16:23:01.855-03:00  INFO [users, , ] 5027 --- [restartedMain] org.hibernate.cfg.Environment            : HHH000406: Using bytecode reflection optimizer
2023-09-03T16:23:04.783-03:00  INFO [users, , ] 5027 --- [restartedMain] o.h.b.i.BytecodeProviderInitiator        : HHH000021: Bytecode provider name : bytebuddy
2023-09-03T16:23:06.524-03:00  INFO [users, , ] 5027 --- [restartedMain] o.s.o.j.p.SpringPersistenceUnitInfo      : No LoadTimeWeaver setup: ignoring JPA class transformer
2023-09-03T16:23:07.707-03:00  INFO [users, , ] 5027 --- [restartedMain] org.hibernate.orm.dialect                : HHH035001: Using dialect: org.hibernate.dialect.MySQLDialect, version: 8.0.26
2023-09-03T16:23:12.346-03:00  INFO [users, , ] 5027 --- [restartedMain] o.h.b.i.BytecodeProviderInitiator        : HHH000021: Bytecode provider name : bytebuddy
2023-09-03T16:23:17.453-03:00  INFO [users, , ] 5027 --- [restartedMain] o.h.e.t.j.p.i.JtaPlatformInitiator       : HHH000490: Using JtaPlatform implementation: [org.hibernate.engine.transaction.jta.platform.internal.NoJtaPlatform]
2023-09-03T16:23:18.564-03:00  INFO [users, , ] 5027 --- [restartedMain] j.LocalContainerEntityManagerFactoryBean : Initialized JPA EntityManagerFactory for persistence unit 'default'
2023-09-03T16:23:23.223-03:00  WARN [users, , ] 5027 --- [restartedMain] JpaBaseConfiguration$JpaWebConfiguration : spring.jpa.open-in-view is enabled by default. Therefore, database queries may be performed during view rendering. Explicitly configure spring.jpa.open-in-view to disable this warning
2023-09-03T16:23:27.110-03:00  WARN [users, , ] 5027 --- [restartedMain] o.s.b.d.a.OptionalLiveReloadServer       : Unable to start LiveReload server
2023-09-03T16:23:27.378-03:00  INFO [users, , ] 5027 --- [restartedMain] o.s.c.openfeign.FeignClientFactoryBean   : For 'movies' URL not provided. Will try picking an instance via load-balancing.
2023-09-03T16:23:44.891-03:00  INFO [users, , ] 5027 --- [restartedMain] o.s.b.a.e.web.EndpointLinksResolver      : Exposing 33 endpoint(s) beneath base path '/actuator'
2023-09-03T16:23:45.382-03:00  INFO [users, , ] 5027 --- [restartedMain] o.s.s.web.DefaultSecurityFilterChain     : Will secure any request with [org.springframework.security.web.session.DisableEncodeUrlFilter@521a209b, org.springframework.security.web.context.request.async.WebAsyncManagerIntegrationFilter@351a7ee6, org.springframework.security.web.context.SecurityContextHolderFilter@6ce39802, org.springframework.security.web.header.HeaderWriterFilter@10e692f3, org.springframework.web.filter.CorsFilter@17088e0a, org.springframework.security.web.authentication.logout.LogoutFilter@6610a017, com.ecran.api.users.security.AuthenticationFilter@47b8bed9, org.springframework.security.web.savedrequest.RequestCacheAwareFilter@749fb806, org.springframework.security.web.servletapi.SecurityContextHolderAwareRequestFilter@2507594b, org.springframework.security.web.authentication.AnonymousAuthenticationFilter@44a5404d, org.springframework.security.web.session.SessionManagementFilter@53f13600, org.springframework.security.web.access.ExceptionTranslationFilter@23cb250a, org.springframework.security.web.access.intercept.AuthorizationFilter@7099fe8a]
2023-09-03T16:23:51.315-03:00  INFO [users, , ] 5027 --- [restartedMain] o.s.c.s.m.DirectWithAttributesChannel    : Channel 'application-1.springCloudBusInput' has 1 subscriber(s).
2023-09-03T16:23:53.731-03:00  INFO [users, , ] 5027 --- [restartedMain] DiscoveryClientOptionalArgsConfiguration : Eureka HTTP Client uses RestTemplate.
2023-09-03T16:23:54.487-03:00  WARN [users, , ] 5027 --- [restartedMain] iguration$LoadBalancerCaffeineWarnLogger : Spring Cloud LoadBalancer is currently working with the default cache. While this cache implementation is useful for development and tests, it's recommended to use Caffeine cache in production.You can switch to using Caffeine cache, by adding it and org.springframework.cache.caffeine.CaffeineCacheManager to the classpath.
2023-09-03T16:23:55.760-03:00  INFO [users, , ] 5027 --- [restartedMain] o.s.i.endpoint.EventDrivenConsumer       : Adding {logging-channel-adapter:_org.springframework.integration.errorLogger} as a subscriber to the 'errorChannel' channel
2023-09-03T16:23:55.764-03:00  INFO [users, , ] 5027 --- [restartedMain] o.s.i.channel.PublishSubscribeChannel    : Channel 'application-1.errorChannel' has 1 subscriber(s).
2023-09-03T16:23:55.766-03:00  INFO [users, , ] 5027 --- [restartedMain] o.s.i.endpoint.EventDrivenConsumer       : started bean '_org.springframework.integration.errorLogger'
2023-09-03T16:23:55.827-03:00  INFO [users, , ] 5027 --- [restartedMain] o.s.c.n.eureka.InstanceInfoFactory       : Setting initial instance status as: STARTING
2023-09-03T16:23:56.580-03:00  INFO [users, , ] 5027 --- [restartedMain] com.netflix.discovery.DiscoveryClient    : Initializing Eureka in region us-east-1
2023-09-03T16:23:56.606-03:00  INFO [users, , ] 5027 --- [restartedMain] c.n.d.s.r.aws.ConfigClusterResolver      : Resolving eureka endpoints via configuration
2023-09-03T16:23:56.752-03:00  INFO [users, , ] 5027 --- [restartedMain] com.netflix.discovery.DiscoveryClient    : Disable delta property : false
2023-09-03T16:23:56.755-03:00  INFO [users, , ] 5027 --- [restartedMain] com.netflix.discovery.DiscoveryClient    : Single vip registry refresh property : null
2023-09-03T16:23:56.757-03:00  INFO [users, , ] 5027 --- [restartedMain] com.netflix.discovery.DiscoveryClient    : Force full registry fetch : false
2023-09-03T16:23:56.758-03:00  INFO [users, , ] 5027 --- [restartedMain] com.netflix.discovery.DiscoveryClient    : Application is null : false
2023-09-03T16:23:56.762-03:00  INFO [users, , ] 5027 --- [restartedMain] com.netflix.discovery.DiscoveryClient    : Registered Applications size is zero : true
2023-09-03T16:23:56.765-03:00  INFO [users, , ] 5027 --- [restartedMain] com.netflix.discovery.DiscoveryClient    : Application version is -1: true
2023-09-03T16:23:56.767-03:00  INFO [users, , ] 5027 --- [restartedMain] com.netflix.discovery.DiscoveryClient    : Getting all instance registry info from the eureka server
2023-09-03T16:23:58.295-03:00  INFO [users, , ] 5027 --- [restartedMain] com.netflix.discovery.DiscoveryClient    : The response status is 200
2023-09-03T16:23:58.303-03:00  INFO [users, , ] 5027 --- [restartedMain] com.netflix.discovery.DiscoveryClient    : Starting heartbeat executor: renew interval is: 30
2023-09-03T16:23:58.310-03:00  INFO [users, , ] 5027 --- [restartedMain] c.n.discovery.InstanceInfoReplicator     : InstanceInfoReplicator onDemand update allowed rate per min is 4
2023-09-03T16:23:58.323-03:00  INFO [users, , ] 5027 --- [restartedMain] com.netflix.discovery.DiscoveryClient    : Discovery Client initialized at timestamp 1693769038322 with initial instances count: 6
2023-09-03T16:23:58.371-03:00  INFO [users, , ] 5027 --- [restartedMain] o.s.c.n.e.s.EurekaServiceRegistry        : Registering application USERS with eureka with status UP
2023-09-03T16:23:58.373-03:00  INFO [users, , ] 5027 --- [restartedMain] com.netflix.discovery.DiscoveryClient    : Saw local status change event StatusChangeEvent [timestamp=1693769038373, current=UP, previous=STARTING]
2023-09-03T16:23:58.382-03:00  INFO [users, , ] 5027 --- [DiscoveryClient-InstanceInfoReplicator-0] com.netflix.discovery.DiscoveryClient    : DiscoveryClient_USERS/10.0.2.15:users:8082: registering service...
2023-09-03T16:23:58.565-03:00  INFO [users, , ] 5027 --- [restartedMain] o.s.b.w.embedded.tomcat.TomcatWebServer  : Tomcat started on port(s): 8082 (http) with context path ''
2023-09-03T16:23:58.571-03:00  INFO [users, , ] 5027 --- [restartedMain] .s.c.n.e.s.EurekaAutoServiceRegistration : Updating port to 8082
2023-09-03T16:23:58.720-03:00  INFO [users, , ] 5027 --- [restartedMain] o.s.c.s.binder.DefaultBinderFactory      : Creating binder: rabbit
2023-09-03T16:23:58.723-03:00  INFO [users, , ] 5027 --- [restartedMain] o.s.c.s.binder.DefaultBinderFactory      : Constructing binder child context for rabbit
2023-09-03T16:23:59.038-03:00  INFO [users, , ] 5027 --- [DiscoveryClient-InstanceInfoReplicator-0] com.netflix.discovery.DiscoveryClient    : DiscoveryClient_USERS/10.0.2.15:users:8082 - registration status: 204
2023-09-03T16:23:59.100-03:00  INFO [users, , ] 5027 --- [restartedMain] o.s.c.s.binder.DefaultBinderFactory      : Caching the binder: rabbit
2023-09-03T16:23:59.229-03:00  INFO [users, , ] 5027 --- [restartedMain] c.s.b.r.p.RabbitExchangeQueueProvisioner : declaring queue for inbound: springCloudBus.anonymous.LAHFEng1SSGhYraoZlrouw, bound to: springCloudBus
2023-09-03T16:23:59.276-03:00  INFO [users, , ] 5027 --- [restartedMain] o.s.a.r.c.CachingConnectionFactory       : Attempting to connect to: [localhost:5672]
2023-09-03T16:23:59.519-03:00  INFO [users, , ] 5027 --- [restartedMain] o.s.a.r.c.CachingConnectionFactory       : Created new connection: rabbitConnectionFactory#1681c813:0/SimpleConnection@7f866981 [delegate=amqp://admin@127.0.0.1:5672/, localPort=44226]
2023-09-03T16:23:59.813-03:00  INFO [users, , ] 5027 --- [restartedMain] o.s.c.stream.binder.BinderErrorChannel   : Channel 'rabbit-278133638.springCloudBusInput.errors' has 1 subscriber(s).
2023-09-03T16:23:59.816-03:00  INFO [users, , ] 5027 --- [restartedMain] o.s.c.stream.binder.BinderErrorChannel   : Channel 'rabbit-278133638.springCloudBusInput.errors' has 2 subscriber(s).
2023-09-03T16:23:59.938-03:00  INFO [users, , ] 5027 --- [restartedMain] o.s.i.a.i.AmqpInboundChannelAdapter      : started bean 'inbound.springCloudBus.anonymous.LAHFEng1SSGhYraoZlrouw'
2023-09-03T16:24:00.244-03:00  INFO [users, , ] 5027 --- [restartedMain] c.ecran.api.users.ApiUsersApplication    : Started ApiUsersApplication in 107.516 seconds (process running for 110.729)
2023-09-03T16:25:56.381-03:00  INFO [users, , ] 5027 --- [http-nio-8082-exec-2] o.a.c.c.C.[Tomcat].[localhost].[/]       : Initializing Spring DispatcherServlet 'dispatcherServlet'
2023-09-03T16:25:56.382-03:00  INFO [users, , ] 5027 --- [http-nio-8082-exec-2] o.s.web.servlet.DispatcherServlet        : Initializing Servlet 'dispatcherServlet'
2023-09-03T16:25:56.389-03:00  INFO [users, , ] 5027 --- [http-nio-8082-exec-2] o.s.web.servlet.DispatcherServlet        : Completed initialization in 7 ms
2023-09-03T16:26:00.157-03:00  WARN [users, , ] 5027 --- [AsyncReporter{org.springframework.boot.actuate.autoconfigure.tracing.zipkin.ZipkinWebClientSender@5518682c}] z.r.AsyncReporter$BoundedAsyncReporter   : Spans were dropped due to exceptions. All subsequent errors will be logged at FINE level.
2023-09-03T16:26:00.158-03:00  WARN [users, , ] 5027 --- [AsyncReporter{org.springframework.boot.actuate.autoconfigure.tracing.zipkin.ZipkinWebClientSender@5518682c}] z.r.AsyncReporter$BoundedAsyncReporter   : Dropped 3 spans due to WebClientRequestException(finishConnect(..) failed: Connection refused: localhost/127.0.0.1:9411)

org.springframework.web.reactive.function.client.WebClientRequestException: finishConnect(..) failed: Connection refused: localhost/127.0.0.1:9411
	at org.springframework.web.reactive.function.client.ExchangeFunctions$DefaultExchangeFunction.lambda$wrapException$9(ExchangeFunctions.java:136) ~[spring-webflux-6.0.9.jar:6.0.9]
	Suppressed: reactor.core.publisher.FluxOnAssembly$OnAssemblyException: 
Error has been observed at the following site(s):
	*__checkpoint ⇢ Request to POST http://localhost:9411/api/v2/spans [DefaultWebClient]
Original Stack Trace:
		at org.springframework.web.reactive.function.client.ExchangeFunctions$DefaultExchangeFunction.lambda$wrapException$9(ExchangeFunctions.java:136) ~[spring-webflux-6.0.9.jar:6.0.9]
		at reactor.core.publisher.MonoErrorSupplied.subscribe(MonoErrorSupplied.java:55) ~[reactor-core-3.5.6.jar:3.5.6]
		at reactor.core.publisher.Mono.subscribe(Mono.java:4485) ~[reactor-core-3.5.6.jar:3.5.6]
		at reactor.core.publisher.FluxOnErrorResume$ResumeSubscriber.onError(FluxOnErrorResume.java:103) ~[reactor-core-3.5.6.jar:3.5.6]
		at reactor.core.publisher.FluxPeek$PeekSubscriber.onError(FluxPeek.java:222) ~[reactor-core-3.5.6.jar:3.5.6]
		at reactor.core.publisher.FluxPeek$PeekSubscriber.onError(FluxPeek.java:222) ~[reactor-core-3.5.6.jar:3.5.6]
		at reactor.core.publisher.FluxPeek$PeekSubscriber.onError(FluxPeek.java:222) ~[reactor-core-3.5.6.jar:3.5.6]
		at reactor.core.publisher.MonoNext$NextSubscriber.onError(MonoNext.java:93) ~[reactor-core-3.5.6.jar:3.5.6]
		at reactor.core.publisher.MonoFlatMapMany$FlatMapManyMain.onError(MonoFlatMapMany.java:204) ~[reactor-core-3.5.6.jar:3.5.6]
		at reactor.core.publisher.SerializedSubscriber.onError(SerializedSubscriber.java:124) ~[reactor-core-3.5.6.jar:3.5.6]
		at reactor.core.publisher.FluxRetryWhen$RetryWhenMainSubscriber.whenError(FluxRetryWhen.java:225) ~[reactor-core-3.5.6.jar:3.5.6]
		at reactor.core.publisher.FluxRetryWhen$RetryWhenOtherSubscriber.onError(FluxRetryWhen.java:274) ~[reactor-core-3.5.6.jar:3.5.6]
		at reactor.core.publisher.FluxContextWrite$ContextWriteSubscriber.onError(FluxContextWrite.java:121) ~[reactor-core-3.5.6.jar:3.5.6]
		at reactor.core.publisher.FluxConcatMapNoPrefetch$FluxConcatMapNoPrefetchSubscriber.maybeOnError(FluxConcatMapNoPrefetch.java:326) ~[reactor-core-3.5.6.jar:3.5.6]
		at reactor.core.publisher.FluxConcatMapNoPrefetch$FluxConcatMapNoPrefetchSubscriber.onNext(FluxConcatMapNoPrefetch.java:211) ~[reactor-core-3.5.6.jar:3.5.6]
		at reactor.core.publisher.FluxContextWrite$ContextWriteSubscriber.onNext(FluxContextWrite.java:107) ~[reactor-core-3.5.6.jar:3.5.6]
		at reactor.core.publisher.SinkManyEmitterProcessor.drain(SinkManyEmitterProcessor.java:471) ~[reactor-core-3.5.6.jar:3.5.6]
		at reactor.core.publisher.SinkManyEmitterProcessor$EmitterInner.drainParent(SinkManyEmitterProcessor.java:615) ~[reactor-core-3.5.6.jar:3.5.6]
		at reactor.core.publisher.FluxPublish$PubSubInner.request(FluxPublish.java:602) ~[reactor-core-3.5.6.jar:3.5.6]
		at reactor.core.publisher.FluxContextWrite$ContextWriteSubscriber.request(FluxContextWrite.java:136) ~[reactor-core-3.5.6.jar:3.5.6]
		at reactor.core.publisher.FluxConcatMapNoPrefetch$FluxConcatMapNoPrefetchSubscriber.request(FluxConcatMapNoPrefetch.java:336) ~[reactor-core-3.5.6.jar:3.5.6]
		at reactor.core.publisher.FluxContextWrite$ContextWriteSubscriber.request(FluxContextWrite.java:136) ~[reactor-core-3.5.6.jar:3.5.6]
		at reactor.core.publisher.Operators$DeferredSubscription.request(Operators.java:1717) ~[reactor-core-3.5.6.jar:3.5.6]
		at reactor.core.publisher.FluxRetryWhen$RetryWhenMainSubscriber.onError(FluxRetryWhen.java:192) ~[reactor-core-3.5.6.jar:3.5.6]
		at reactor.core.publisher.MonoCreate$DefaultMonoSink.error(MonoCreate.java:201) ~[reactor-core-3.5.6.jar:3.5.6]
		at reactor.netty.http.client.HttpClientConnect$MonoHttpConnect$ClientTransportSubscriber.onError(HttpClientConnect.java:311) ~[reactor-netty-http-1.1.7.jar:1.1.7]
		at reactor.core.publisher.MonoCreate$DefaultMonoSink.error(MonoCreate.java:201) ~[reactor-core-3.5.6.jar:3.5.6]
		at reactor.netty.resources.DefaultPooledConnectionProvider$DisposableAcquire.onError(DefaultPooledConnectionProvider.java:162) ~[reactor-netty-core-1.1.7.jar:1.1.7]
		at reactor.netty.internal.shaded.reactor.pool.AbstractPool$Borrower.fail(AbstractPool.java:475) ~[reactor-netty-core-1.1.7.jar:1.1.7]
		at reactor.netty.internal.shaded.reactor.pool.SimpleDequePool.lambda$drainLoop$9(SimpleDequePool.java:429) ~[reactor-netty-core-1.1.7.jar:1.1.7]
		at reactor.core.publisher.FluxDoOnEach$DoOnEachSubscriber.onError(FluxDoOnEach.java:186) ~[reactor-core-3.5.6.jar:3.5.6]
		at reactor.core.publisher.MonoCreate$DefaultMonoSink.error(MonoCreate.java:201) ~[reactor-core-3.5.6.jar:3.5.6]
		at reactor.netty.resources.DefaultPooledConnectionProvider$PooledConnectionAllocator$PooledConnectionInitializer.onError(DefaultPooledConnectionProvider.java:560) ~[reactor-netty-core-1.1.7.jar:1.1.7]
		at reactor.core.publisher.MonoFlatMap$FlatMapMain.secondError(MonoFlatMap.java:241) ~[reactor-core-3.5.6.jar:3.5.6]
		at reactor.core.publisher.MonoFlatMap$FlatMapInner.onError(MonoFlatMap.java:315) ~[reactor-core-3.5.6.jar:3.5.6]
		at reactor.core.publisher.FluxOnErrorResume$ResumeSubscriber.onError(FluxOnErrorResume.java:106) ~[reactor-core-3.5.6.jar:3.5.6]
		at reactor.core.publisher.Operators.error(Operators.java:198) ~[reactor-core-3.5.6.jar:3.5.6]
		at reactor.core.publisher.MonoError.subscribe(MonoError.java:53) ~[reactor-core-3.5.6.jar:3.5.6]
		at reactor.core.publisher.Mono.subscribe(Mono.java:4485) ~[reactor-core-3.5.6.jar:3.5.6]
		at reactor.core.publisher.FluxOnErrorResume$ResumeSubscriber.onError(FluxOnErrorResume.java:103) ~[reactor-core-3.5.6.jar:3.5.6]
		at reactor.netty.transport.TransportConnector$MonoChannelPromise.tryFailure(TransportConnector.java:587) ~[reactor-netty-core-1.1.7.jar:1.1.7]
		at reactor.netty.transport.TransportConnector$MonoChannelPromise.setFailure(TransportConnector.java:541) ~[reactor-netty-core-1.1.7.jar:1.1.7]
		at reactor.netty.transport.TransportConnector.lambda$doConnect$7(TransportConnector.java:265) ~[reactor-netty-core-1.1.7.jar:1.1.7]
		at io.netty.util.concurrent.DefaultPromise.notifyListener0(DefaultPromise.java:590) ~[netty-common-4.1.92.Final.jar:4.1.92.Final]
		at io.netty.util.concurrent.DefaultPromise.notifyListeners0(DefaultPromise.java:583) ~[netty-common-4.1.92.Final.jar:4.1.92.Final]
		at io.netty.util.concurrent.DefaultPromise.notifyListenersNow(DefaultPromise.java:559) ~[netty-common-4.1.92.Final.jar:4.1.92.Final]
		at io.netty.util.concurrent.DefaultPromise.notifyListeners(DefaultPromise.java:492) ~[netty-common-4.1.92.Final.jar:4.1.92.Final]
		at io.netty.util.concurrent.DefaultPromise.setValue0(DefaultPromise.java:636) ~[netty-common-4.1.92.Final.jar:4.1.92.Final]
		at io.netty.util.concurrent.DefaultPromise.setFailure0(DefaultPromise.java:629) ~[netty-common-4.1.92.Final.jar:4.1.92.Final]
		at io.netty.util.concurrent.DefaultPromise.tryFailure(DefaultPromise.java:118) ~[netty-common-4.1.92.Final.jar:4.1.92.Final]
		at io.netty.channel.epoll.AbstractEpollChannel$AbstractEpollUnsafe.fulfillConnectPromise(AbstractEpollChannel.java:674) ~[netty-transport-classes-epoll-4.1.92.Final.jar:4.1.92.Final]
		at io.netty.channel.epoll.AbstractEpollChannel$AbstractEpollUnsafe.finishConnect(AbstractEpollChannel.java:693) ~[netty-transport-classes-epoll-4.1.92.Final.jar:4.1.92.Final]
		at io.netty.channel.epoll.AbstractEpollChannel$AbstractEpollUnsafe.epollOutReady(AbstractEpollChannel.java:567) ~[netty-transport-classes-epoll-4.1.92.Final.jar:4.1.92.Final]
		at io.netty.channel.epoll.EpollEventLoop.processReady(EpollEventLoop.java:489) ~[netty-transport-classes-epoll-4.1.92.Final.jar:4.1.92.Final]
		at io.netty.channel.epoll.EpollEventLoop.run(EpollEventLoop.java:397) ~[netty-transport-classes-epoll-4.1.92.Final.jar:4.1.92.Final]
		at io.netty.util.concurrent.SingleThreadEventExecutor$4.run(SingleThreadEventExecutor.java:997) ~[netty-common-4.1.92.Final.jar:4.1.92.Final]
		at io.netty.util.internal.ThreadExecutorMap$2.run(ThreadExecutorMap.java:74) ~[netty-common-4.1.92.Final.jar:4.1.92.Final]
		at io.netty.util.concurrent.FastThreadLocalRunnable.run(FastThreadLocalRunnable.java:30) ~[netty-common-4.1.92.Final.jar:4.1.92.Final]
		at java.base/java.lang.Thread.run(Thread.java:1623) ~[na:na]
	Suppressed: java.lang.Exception: #block terminated with an error
		at reactor.core.publisher.BlockingSingleSubscriber.blockingGet(BlockingSingleSubscriber.java:99) ~[reactor-core-3.5.6.jar:3.5.6]
		at reactor.core.publisher.Mono.block(Mono.java:1710) ~[reactor-core-3.5.6.jar:3.5.6]
		at org.springframework.boot.actuate.autoconfigure.tracing.zipkin.ZipkinWebClientSender$WebClientHttpPostCall.doExecute(ZipkinWebClientSender.java:67) ~[spring-boot-actuator-autoconfigure-3.1.0.jar:3.1.0]
		at org.springframework.boot.actuate.autoconfigure.tracing.zipkin.ZipkinWebClientSender$WebClientHttpPostCall.doExecute(ZipkinWebClientSender.java:48) ~[spring-boot-actuator-autoconfigure-3.1.0.jar:3.1.0]
		at zipkin2.Call$Base.execute(Call.java:391) ~[zipkin-2.23.2.jar:na]
		at zipkin2.reporter.AsyncReporter$BoundedAsyncReporter.flush(AsyncReporter.java:299) ~[zipkin-reporter-2.16.3.jar:na]
		at zipkin2.reporter.AsyncReporter$Flusher.run(AsyncReporter.java:378) ~[zipkin-reporter-2.16.3.jar:na]
		at java.base/java.lang.Thread.run(Thread.java:1623) ~[na:na]
Caused by: io.netty.channel.AbstractChannel$AnnotatedConnectException: finishConnect(..) failed: Connection refused: localhost/127.0.0.1:9411
Caused by: java.net.ConnectException: finishConnect(..) failed: Connection refused
	at io.netty.channel.unix.Errors.newConnectException0(Errors.java:166) ~[netty-transport-native-unix-common-4.1.92.Final.jar:4.1.92.Final]
	at io.netty.channel.unix.Errors.handleConnectErrno(Errors.java:131) ~[netty-transport-native-unix-common-4.1.92.Final.jar:4.1.92.Final]
	at io.netty.channel.unix.Socket.finishConnect(Socket.java:359) ~[netty-transport-native-unix-common-4.1.92.Final.jar:4.1.92.Final]
	at io.netty.channel.epoll.AbstractEpollChannel$AbstractEpollUnsafe.doFinishConnect(AbstractEpollChannel.java:710) ~[netty-transport-classes-epoll-4.1.92.Final.jar:4.1.92.Final]
	at io.netty.channel.epoll.AbstractEpollChannel$AbstractEpollUnsafe.finishConnect(AbstractEpollChannel.java:687) ~[netty-transport-classes-epoll-4.1.92.Final.jar:4.1.92.Final]
	at io.netty.channel.epoll.AbstractEpollChannel$AbstractEpollUnsafe.epollOutReady(AbstractEpollChannel.java:567) ~[netty-transport-classes-epoll-4.1.92.Final.jar:4.1.92.Final]
	at io.netty.channel.epoll.EpollEventLoop.processReady(EpollEventLoop.java:489) ~[netty-transport-classes-epoll-4.1.92.Final.jar:4.1.92.Final]
	at io.netty.channel.epoll.EpollEventLoop.run(EpollEventLoop.java:397) ~[netty-transport-classes-epoll-4.1.92.Final.jar:4.1.92.Final]
	at io.netty.util.concurrent.SingleThreadEventExecutor$4.run(SingleThreadEventExecutor.java:997) ~[netty-common-4.1.92.Final.jar:4.1.92.Final]
	at io.netty.util.internal.ThreadExecutorMap$2.run(ThreadExecutorMap.java:74) ~[netty-common-4.1.92.Final.jar:4.1.92.Final]
	at io.netty.util.concurrent.FastThreadLocalRunnable.run(FastThreadLocalRunnable.java:30) ~[netty-common-4.1.92.Final.jar:4.1.92.Final]
	at java.base/java.lang.Thread.run(Thread.java:1623) ~[na:na]

2023-09-03T16:26:33.186-03:00 DEBUG [users, 64f4dde8a73cec36ff920beac073f80f, 75f94fad6877bfac] 5027 --- [http-nio-8082-exec-3] c.e.api.users.service.UsersServiceImpl   : Before calling movies Microservice
2023-09-03T16:26:33.254-03:00 DEBUG [users, 64f4dde8a73cec36ff920beac073f80f, 75f94fad6877bfac] 5027 --- [http-nio-8082-exec-3] c.e.api.users.data.MoviesServiceClient   : [MoviesServiceClient#getMovieDetails] ---> GET http://movies/users/51c07e78-8c78-4022-8496-24b71a1740a0/movies HTTP/1.1
2023-09-03T16:26:33.254-03:00 DEBUG [users, 64f4dde8a73cec36ff920beac073f80f, 75f94fad6877bfac] 5027 --- [http-nio-8082-exec-3] c.e.api.users.data.MoviesServiceClient   : [MoviesServiceClient#getMovieDetails] ---> END HTTP (0-byte body)
2023-09-03T16:26:34.633-03:00 DEBUG [users, 64f4dde8a73cec36ff920beac073f80f, 75f94fad6877bfac] 5027 --- [http-nio-8082-exec-3] c.e.api.users.data.MoviesServiceClient   : [MoviesServiceClient#getMovieDetails] <--- HTTP/1.1 200 (1378ms)
2023-09-03T16:26:34.639-03:00 DEBUG [users, 64f4dde8a73cec36ff920beac073f80f, 75f94fad6877bfac] 5027 --- [http-nio-8082-exec-3] c.e.api.users.data.MoviesServiceClient   : [MoviesServiceClient#getMovieDetails] connection: keep-alive
2023-09-03T16:26:34.641-03:00 DEBUG [users, 64f4dde8a73cec36ff920beac073f80f, 75f94fad6877bfac] 5027 --- [http-nio-8082-exec-3] c.e.api.users.data.MoviesServiceClient   : [MoviesServiceClient#getMovieDetails] content-type: application/json
2023-09-03T16:26:34.641-03:00 DEBUG [users, 64f4dde8a73cec36ff920beac073f80f, 75f94fad6877bfac] 5027 --- [http-nio-8082-exec-3] c.e.api.users.data.MoviesServiceClient   : [MoviesServiceClient#getMovieDetails] date: Sun, 03 Sep 2023 19:26:34 GMT
2023-09-03T16:26:34.643-03:00 DEBUG [users, 64f4dde8a73cec36ff920beac073f80f, 75f94fad6877bfac] 5027 --- [http-nio-8082-exec-3] c.e.api.users.data.MoviesServiceClient   : [MoviesServiceClient#getMovieDetails] keep-alive: timeout=60
2023-09-03T16:26:34.644-03:00 DEBUG [users, 64f4dde8a73cec36ff920beac073f80f, 75f94fad6877bfac] 5027 --- [http-nio-8082-exec-3] c.e.api.users.data.MoviesServiceClient   : [MoviesServiceClient#getMovieDetails] transfer-encoding: chunked
2023-09-03T16:26:34.645-03:00 DEBUG [users, 64f4dde8a73cec36ff920beac073f80f, 75f94fad6877bfac] 5027 --- [http-nio-8082-exec-3] c.e.api.users.data.MoviesServiceClient   : [MoviesServiceClient#getMovieDetails] 
2023-09-03T16:26:34.688-03:00 DEBUG [users, 64f4dde8a73cec36ff920beac073f80f, 75f94fad6877bfac] 5027 --- [http-nio-8082-exec-3] c.e.api.users.data.MoviesServiceClient   : [MoviesServiceClient#getMovieDetails] ["movie1Id","movie2Id"]
2023-09-03T16:26:34.688-03:00 DEBUG [users, 64f4dde8a73cec36ff920beac073f80f, 75f94fad6877bfac] 5027 --- [http-nio-8082-exec-3] c.e.api.users.data.MoviesServiceClient   : [MoviesServiceClient#getMovieDetails] <--- END HTTP (23-byte body)
2023-09-03T16:26:34.718-03:00 DEBUG [users, 64f4dde8a73cec36ff920beac073f80f, 75f94fad6877bfac] 5027 --- [http-nio-8082-exec-3] c.e.api.users.service.UsersServiceImpl   : After calling movies Microservice
2023-09-03T16:28:56.781-03:00  INFO [users, , ] 5027 --- [AsyncResolver-bootstrap-executor-0] c.n.d.s.r.aws.ConfigClusterResolver      : Resolving eureka endpoints via configuration
2023-09-03T16:33:56.783-03:00  INFO [users, , ] 5027 --- [AsyncResolver-bootstrap-executor-0] c.n.d.s.r.aws.ConfigClusterResolver      : Resolving eureka endpoints via configuration
2023-09-03T16:38:56.784-03:00  INFO [users, , ] 5027 --- [AsyncResolver-bootstrap-executor-0] c.n.d.s.r.aws.ConfigClusterResolver      : Resolving eureka endpoints via configuration
2023-09-03T16:43:56.786-03:00  INFO [users, , ] 5027 --- [AsyncResolver-bootstrap-executor-0] c.n.d.s.r.aws.ConfigClusterResolver      : Resolving eureka endpoints via configuration
2023-09-03T16:48:56.787-03:00  INFO [users, , ] 5027 --- [AsyncResolver-bootstrap-executor-0] c.n.d.s.r.aws.ConfigClusterResolver      : Resolving eureka endpoints via configuration
2023-09-03T16:53:56.789-03:00  INFO [users, , ] 5027 --- [AsyncResolver-bootstrap-executor-0] c.n.d.s.r.aws.ConfigClusterResolver      : Resolving eureka endpoints via configuration
2023-09-03T16:58:56.790-03:00  INFO [users, , ] 5027 --- [AsyncResolver-bootstrap-executor-0] c.n.d.s.r.aws.ConfigClusterResolver      : Resolving eureka endpoints via configuration
2023-09-03T17:03:56.791-03:00  INFO [users, , ] 5027 --- [AsyncResolver-bootstrap-executor-0] c.n.d.s.r.aws.ConfigClusterResolver      : Resolving eureka endpoints via configuration
2023-09-03T17:08:56.793-03:00  INFO [users, , ] 5027 --- [AsyncResolver-bootstrap-executor-0] c.n.d.s.r.aws.ConfigClusterResolver      : Resolving eureka endpoints via configuration
2023-09-03T17:13:56.795-03:00  INFO [users, , ] 5027 --- [AsyncResolver-bootstrap-executor-0] c.n.d.s.r.aws.ConfigClusterResolver      : Resolving eureka endpoints via configuration
2023-09-03T17:18:56.796-03:00  INFO [users, , ] 5027 --- [AsyncResolver-bootstrap-executor-0] c.n.d.s.r.aws.ConfigClusterResolver      : Resolving eureka endpoints via configuration
